11/22/2019 16:47:21 - INFO - __main__ -   


11/22/2019 16:47:21 - INFO - __main__ -   Start Status Logging...
11/22/2019 16:47:35 - INFO - __main__ -   


11/22/2019 16:47:35 - INFO - __main__ -   Start Status Logging...
11/22/2019 16:47:54 - INFO - __main__ -   Training modules...
11/22/2019 16:47:54 - INFO - __main__ -    ++++++++++++++++++++++++++++++++++++++++
11/22/2019 16:47:54 - INFO - __main__ -    Model Network:
11/22/2019 16:47:54 - INFO - __main__ -        Model        use_crf: True
11/22/2019 16:47:54 - INFO - __main__ -        Model word extractor: LSTM
11/22/2019 16:47:54 - INFO - __main__ -        Model       use_char: True
11/22/2019 16:47:54 - INFO - __main__ -        Model char extractor: LSTM
11/22/2019 16:47:54 - INFO - __main__ -        Model char_hidden_dim: 50
11/22/2019 16:47:54 - INFO - __main__ -    ++++++++++++++++++++++++++++++++++++++++
11/22/2019 16:47:54 - INFO - __main__ -    Training:
11/22/2019 16:47:54 - INFO - __main__ -        Optimizer: SGD
11/22/2019 16:47:54 - INFO - __main__ -        Iteration: 50
11/22/2019 16:47:54 - INFO - __main__ -        BatchSize: 10
11/22/2019 16:47:54 - INFO - __main__ -        Average  batch   loss: False
11/22/2019 16:47:54 - INFO - __main__ -    ++++++++++++++++++++++++++++++++++++++++
11/22/2019 16:47:54 - INFO - __main__ -    Multi-Task Loss Weight:
11/22/2019 16:47:54 - INFO - __main__ -        H2BH: 1.0
11/22/2019 16:47:54 - INFO - __main__ -        H2BB: 1.0
11/22/2019 16:47:54 - INFO - __main__ -        B2HB: 1.0
11/22/2019 16:47:54 - INFO - __main__ -        B2HH: 1.0
11/22/2019 16:47:54 - INFO - __main__ -    ++++++++++++++++++++++++++++++++++++++++
11/22/2019 16:47:54 - INFO - __main__ -    Hyperparameters:
11/22/2019 16:47:54 - INFO - __main__ -        Hyper              lr: 0.015
11/22/2019 16:47:54 - INFO - __main__ -        Hyper        lr_decay: 0.05
11/22/2019 16:47:54 - INFO - __main__ -        Hyper         HP_clip: 5
11/22/2019 16:47:54 - INFO - __main__ -        Hyper        momentum: 0.9
11/22/2019 16:47:54 - INFO - __main__ -        Hyper              l2: 1e-08
11/22/2019 16:47:54 - INFO - __main__ -        Hyper      hidden_dim: 200
11/22/2019 16:47:54 - INFO - __main__ -        Hyper         dropout: 0.5
11/22/2019 16:47:54 - INFO - __main__ -        Hyper      lstm_layer: 1
11/22/2019 16:47:54 - INFO - __main__ -        Hyper          bilstm: True
11/22/2019 16:47:54 - INFO - __main__ -        Hyper             GPU: False
11/22/2019 16:47:54 - INFO - __main__ -   Model SUMMARY END.
11/22/2019 16:47:54 - INFO - __main__ -   ++++++++++++++++++++++++++++++++++++++++++++++++++++++++++++++++++++++++++++++++++++++++++++++++++++
11/22/2019 16:49:35 - INFO - __main__ -   


11/22/2019 16:49:35 - INFO - __main__ -   Start Status Logging...
11/22/2019 16:49:37 - INFO - __main__ -   Training modules...
11/22/2019 16:49:37 - INFO - __main__ -    ++++++++++++++++++++++++++++++++++++++++
11/22/2019 16:49:37 - INFO - __main__ -    Model Network:
11/22/2019 16:49:37 - INFO - __main__ -        Model        use_crf: True
11/22/2019 16:49:37 - INFO - __main__ -        Model word extractor: LSTM
11/22/2019 16:49:37 - INFO - __main__ -        Model       use_char: True
11/22/2019 16:49:37 - INFO - __main__ -        Model char extractor: LSTM
11/22/2019 16:49:37 - INFO - __main__ -        Model char_hidden_dim: 50
11/22/2019 16:49:37 - INFO - __main__ -    ++++++++++++++++++++++++++++++++++++++++
11/22/2019 16:49:37 - INFO - __main__ -    Training:
11/22/2019 16:49:37 - INFO - __main__ -        Optimizer: SGD
11/22/2019 16:49:37 - INFO - __main__ -        Iteration: 50
11/22/2019 16:49:37 - INFO - __main__ -        BatchSize: 1
11/22/2019 16:49:37 - INFO - __main__ -        Average  batch   loss: False
11/22/2019 16:49:37 - INFO - __main__ -    ++++++++++++++++++++++++++++++++++++++++
11/22/2019 16:49:37 - INFO - __main__ -    Multi-Task Loss Weight:
11/22/2019 16:49:37 - INFO - __main__ -        H2BH: 1.0
11/22/2019 16:49:37 - INFO - __main__ -        H2BB: 1.0
11/22/2019 16:49:37 - INFO - __main__ -        B2HB: 1.0
11/22/2019 16:49:37 - INFO - __main__ -        B2HH: 1.0
11/22/2019 16:49:37 - INFO - __main__ -    ++++++++++++++++++++++++++++++++++++++++
11/22/2019 16:49:37 - INFO - __main__ -    Hyperparameters:
11/22/2019 16:49:37 - INFO - __main__ -        Hyper              lr: 0.015
11/22/2019 16:49:37 - INFO - __main__ -        Hyper        lr_decay: 0.05
11/22/2019 16:49:37 - INFO - __main__ -        Hyper         HP_clip: 5
11/22/2019 16:49:37 - INFO - __main__ -        Hyper        momentum: 0.9
11/22/2019 16:49:37 - INFO - __main__ -        Hyper              l2: 1e-08
11/22/2019 16:49:37 - INFO - __main__ -        Hyper      hidden_dim: 200
11/22/2019 16:49:37 - INFO - __main__ -        Hyper         dropout: 0.5
11/22/2019 16:49:37 - INFO - __main__ -        Hyper      lstm_layer: 1
11/22/2019 16:49:37 - INFO - __main__ -        Hyper          bilstm: True
11/22/2019 16:49:37 - INFO - __main__ -        Hyper             GPU: False
11/22/2019 16:49:37 - INFO - __main__ -   Model SUMMARY END.
11/22/2019 16:49:37 - INFO - __main__ -   ++++++++++++++++++++++++++++++++++++++++++++++++++++++++++++++++++++++++++++++++++++++++++++++++++++
11/22/2019 16:53:49 - INFO - __main__ -   


11/22/2019 16:53:49 - INFO - __main__ -   Start Status Logging...
11/22/2019 16:53:51 - INFO - __main__ -   Training modules...
11/22/2019 16:53:51 - INFO - __main__ -    ++++++++++++++++++++++++++++++++++++++++
11/22/2019 16:53:51 - INFO - __main__ -    Model Network:
11/22/2019 16:53:51 - INFO - __main__ -        Model        use_crf: True
11/22/2019 16:53:51 - INFO - __main__ -        Model word extractor: LSTM
11/22/2019 16:53:51 - INFO - __main__ -        Model       use_char: True
11/22/2019 16:53:51 - INFO - __main__ -        Model char extractor: LSTM
11/22/2019 16:53:51 - INFO - __main__ -        Model char_hidden_dim: 50
11/22/2019 16:53:51 - INFO - __main__ -    ++++++++++++++++++++++++++++++++++++++++
11/22/2019 16:53:51 - INFO - __main__ -    Training:
11/22/2019 16:53:51 - INFO - __main__ -        Optimizer: SGD
11/22/2019 16:53:51 - INFO - __main__ -        Iteration: 50
11/22/2019 16:53:51 - INFO - __main__ -        BatchSize: 1
11/22/2019 16:53:51 - INFO - __main__ -        Average  batch   loss: False
11/22/2019 16:53:51 - INFO - __main__ -    ++++++++++++++++++++++++++++++++++++++++
11/22/2019 16:53:51 - INFO - __main__ -    Multi-Task Loss Weight:
11/22/2019 16:53:51 - INFO - __main__ -        H2BH: 1.0
11/22/2019 16:53:51 - INFO - __main__ -        H2BB: 1.0
11/22/2019 16:53:51 - INFO - __main__ -        B2HB: 1.0
11/22/2019 16:53:51 - INFO - __main__ -        B2HH: 1.0
11/22/2019 16:53:51 - INFO - __main__ -    ++++++++++++++++++++++++++++++++++++++++
11/22/2019 16:53:51 - INFO - __main__ -    Hyperparameters:
11/22/2019 16:53:51 - INFO - __main__ -        Hyper              lr: 0.015
11/22/2019 16:53:51 - INFO - __main__ -        Hyper        lr_decay: 0.05
11/22/2019 16:53:51 - INFO - __main__ -        Hyper         HP_clip: 5
11/22/2019 16:53:51 - INFO - __main__ -        Hyper        momentum: 0.9
11/22/2019 16:53:51 - INFO - __main__ -        Hyper              l2: 1e-08
11/22/2019 16:53:51 - INFO - __main__ -        Hyper      hidden_dim: 200
11/22/2019 16:53:51 - INFO - __main__ -        Hyper         dropout: 0.5
11/22/2019 16:53:51 - INFO - __main__ -        Hyper      lstm_layer: 1
11/22/2019 16:53:51 - INFO - __main__ -        Hyper          bilstm: True
11/22/2019 16:53:51 - INFO - __main__ -        Hyper             GPU: False
11/22/2019 16:53:51 - INFO - __main__ -   Model SUMMARY END.
11/22/2019 16:53:51 - INFO - __main__ -   ++++++++++++++++++++++++++++++++++++++++++++++++++++++++++++++++++++++++++++++++++++++++++++++++++++
11/22/2019 16:55:59 - INFO - __main__ -   


11/22/2019 16:55:59 - INFO - __main__ -   Start Status Logging...
11/22/2019 16:56:01 - INFO - __main__ -   Training modules...
11/22/2019 16:56:01 - INFO - __main__ -    ++++++++++++++++++++++++++++++++++++++++
11/22/2019 16:56:01 - INFO - __main__ -    Model Network:
11/22/2019 16:56:01 - INFO - __main__ -        Model        use_crf: True
11/22/2019 16:56:01 - INFO - __main__ -        Model word extractor: LSTM
11/22/2019 16:56:01 - INFO - __main__ -        Model       use_char: True
11/22/2019 16:56:01 - INFO - __main__ -        Model char extractor: LSTM
11/22/2019 16:56:01 - INFO - __main__ -        Model char_hidden_dim: 50
11/22/2019 16:56:01 - INFO - __main__ -    ++++++++++++++++++++++++++++++++++++++++
11/22/2019 16:56:01 - INFO - __main__ -    Training:
11/22/2019 16:56:01 - INFO - __main__ -        Optimizer: SGD
11/22/2019 16:56:01 - INFO - __main__ -        Iteration: 50
11/22/2019 16:56:01 - INFO - __main__ -        BatchSize: 1
11/22/2019 16:56:01 - INFO - __main__ -        Average  batch   loss: False
11/22/2019 16:56:01 - INFO - __main__ -    ++++++++++++++++++++++++++++++++++++++++
11/22/2019 16:56:01 - INFO - __main__ -    Multi-Task Loss Weight:
11/22/2019 16:56:01 - INFO - __main__ -        H2BH: 1.0
11/22/2019 16:56:01 - INFO - __main__ -        H2BB: 1.0
11/22/2019 16:56:01 - INFO - __main__ -        B2HB: 1.0
11/22/2019 16:56:01 - INFO - __main__ -        B2HH: 1.0
11/22/2019 16:56:01 - INFO - __main__ -    ++++++++++++++++++++++++++++++++++++++++
11/22/2019 16:56:01 - INFO - __main__ -    Hyperparameters:
11/22/2019 16:56:01 - INFO - __main__ -        Hyper              lr: 0.015
11/22/2019 16:56:01 - INFO - __main__ -        Hyper        lr_decay: 0.05
11/22/2019 16:56:01 - INFO - __main__ -        Hyper         HP_clip: 5
11/22/2019 16:56:01 - INFO - __main__ -        Hyper        momentum: 0.9
11/22/2019 16:56:01 - INFO - __main__ -        Hyper              l2: 1e-08
11/22/2019 16:56:01 - INFO - __main__ -        Hyper      hidden_dim: 200
11/22/2019 16:56:01 - INFO - __main__ -        Hyper         dropout: 0.5
11/22/2019 16:56:01 - INFO - __main__ -        Hyper      lstm_layer: 1
11/22/2019 16:56:01 - INFO - __main__ -        Hyper          bilstm: True
11/22/2019 16:56:01 - INFO - __main__ -        Hyper             GPU: False
11/22/2019 16:56:01 - INFO - __main__ -   Model SUMMARY END.
11/22/2019 16:56:01 - INFO - __main__ -   ++++++++++++++++++++++++++++++++++++++++++++++++++++++++++++++++++++++++++++++++++++++++++++++++++++
